Creating database: IDS
Save repository element : IDS : Creation of initial version
Updating database connection   {0} 
Save repository element : IDS : Modification by user
Creating database: IDSLog
Save repository element : IDSLog : Creation of initial version
Rename transformation : Renamed from personNames to etl.writeParametersToLog
Rename job : Renamed from main.rdsToIds to main.ids
Creating database: RDS
Save repository element : RDS : Creation of initial version
Updating database connection   {0} 
Save repository element : RDS : Modification by user
Updating database connection   {0} 
Save repository element : IDS : Modification by user
Updating database connection   {0} 
Save repository element : IDSLog : Modification by user
Updating database connection   {0} 
Save repository element : RDS : Modification by user
Save database : Modification by user
Save repository element : IDS : Modification by user
Save database : Modification by user
Save repository element : IDS : Modification by user
Save database : Modification by user
Save repository element : IDS : Modification by user
Save database : Modification by user
Save repository element : IDS : Modification by user
Save database : Modification by user
Save repository element : IDS : Modification by user
Save database : Modification by user
Save repository element : IDS : Modification by user
Save database : Modification by user
Save repository element : IDSLog : Modification by user
Save database : Modification by user
Save repository element : IDSLog : Modification by user
Save database : Modification by user
Save repository element : RDS : Modification by user
Save database : Modification by user
Save repository element : RDS : Modification by user
Save database : Modification by user
Save repository element : IDS : Modification by user
Save database : Modification by user
Save repository element : IDS : Modification by user
Save database : Modification by user
Save repository element : IDSLog : Modification by user
Save database : Modification by user
Save repository element : IDSLog : Modification by user
Save database : Modification by user
Save repository element : RDS : Modification by user
Save database : Modification by user
Save repository element : RDS : Modification by user
Save database : Modification by user
Save repository element : IDS : Modification by user
Save database : Modification by user
Save repository element : IDS : Modification by user
Save database : Modification by user
Save repository element : RDS : Modification by user
Save database : Modification by user
Save repository element : RDS : Modification by user
Save database : Modification by user
Save repository element : IDSLog : Modification by user
Save database : Modification by user
Save repository element : IDSLog : Modification by user
Save database : Modification by user
Save repository element : IDS : Modification by user
Save database : Modification by user
Save repository element : IDS : Modification by user
Save database : Modification by user
Save repository element : IDSLog : Modification by user
Save database : Modification by user
Save repository element : IDSLog : Modification by user
Save database : Modification by user
Save repository element : RDS : Modification by user
Save database : Modification by user
Save repository element : RDS : Modification by user
Save database : Modification by user
Save repository element : IDS : Modification by user
Save database : Modification by user
Save repository element : IDS : Modification by user
Save database : Modification by user
Save repository element : IDS : Modification by user
Save database : Modification by user
Save repository element : IDS : Modification by user
Save database : Modification by user
Save repository element : IDSLog : Modification by user
Save database : Modification by user
Save repository element : IDSLog : Modification by user
Save database : Modification by user
Save repository element : RDS : Modification by user
Save database : Modification by user
Save repository element : RDS : Modification by user
Save database : Modification by user
Save repository element : RDS : Modification by user
Save database : Modification by user
Save repository element : RDS : Modification by user
Save database : Modification by user
Save repository element : RDS : Modification by user
Save database : Modification by user
Save repository element : RDS : Modification by user
Save database : Modification by user
Save repository element : IDS : Modification by user
Save database : Modification by user
Save repository element : IDS : Modification by user
Save database : Modification by user
Save repository element : IDSLog : Modification by user
Save database : Modification by user
Save repository element : IDSLog : Modification by user
Save database : Modification by user
Save repository element : RDS : Modification by user
Save database : Modification by user
Save repository element : RDS : Modification by user
Save database : Modification by user
Save repository element : IDS : Modification by user
Save database : Modification by user
Save repository element : IDS : Modification by user
Save database : Modification by user
Save repository element : IDS : Modification by user
Save database : Modification by user
Save repository element : IDS : Modification by user
Save database : Modification by user
Save repository element : IDSLog : Modification by user
Save database : Modification by user
Save repository element : IDSLog : Modification by user
Save database : Modification by user
Save repository element : RDS : Modification by user
Save database : Modification by user
Save repository element : RDS : Modification by user
Save database : Modification by user
Save repository element : IDS : Modification by user
Save database : Modification by user
Save repository element : IDS : Modification by user
Save database : Modification by user
Save repository element : RDS : Modification by user
Save database : Modification by user
Save repository element : RDS : Modification by user
Save database : Modification by user
Save repository element : IDS : Modification by user
Save database : Modification by user
Save repository element : IDS : Modification by user
Save database : Modification by user
Save repository element : IDSLog : Modification by user
Save database : Modification by user
Save repository element : IDSLog : Modification by user
Save database : Modification by user
Save repository element : RDS : Modification by user
Save database : Modification by user
Save repository element : RDS : Modification by user
Save database : Modification by user
Save repository element : IDS : Modification by user
Save database : Modification by user
Save repository element : IDS : Modification by user
Save database : Modification by user
Save repository element : IDSLog : Modification by user
Save database : Modification by user
Save repository element : IDSLog : Modification by user
Save database : Modification by user
Save repository element : RDS : Modification by user
Save database : Modification by user
Save repository element : RDS : Modification by user
Save database : Modification by user
Save repository element : IDS : Modification by user
Save database : Modification by user
Save repository element : IDS : Modification by user
Save database : Modification by user
Save repository element : IDSLog : Modification by user
Save database : Modification by user
Save repository element : IDSLog : Modification by user
Save database : Modification by user
Save repository element : RDS : Modification by user
Save database : Modification by user
Save repository element : RDS : Modification by user
Save database : Modification by user
Save repository element : IDS : Modification by user
Save database : Modification by user
Save repository element : IDS : Modification by user
Save database : Modification by user
Save repository element : IDSLog : Modification by user
Save database : Modification by user
Save repository element : IDSLog : Modification by user
Save database : Modification by user
Save repository element : RDS : Modification by user
Save database : Modification by user
Save repository element : RDS : Modification by user
Save database : Modification by user
Save repository element : IDS : Modification by user
Save database : Modification by user
Save repository element : IDS : Modification by user
Save database : Modification by user
Save repository element : IDS : Modification by user
Save database : Modification by user
Save repository element : IDS : Modification by user
Save database : Modification by user
Save repository element : IDS : Modification by user
Save database : Modification by user
Save repository element : IDS : Modification by user
Save database : Modification by user
Save repository element : IDS : Modification by user
Save database : Modification by user
Save repository element : IDS : Modification by user
Save database : Modification by user
Save repository element : IDS : Modification by user
Save database : Modification by user
Save repository element : IDS : Modification by user
Save database : Modification by user
Save repository element : IDSLog : Modification by user
Save database : Modification by user
Save repository element : IDSLog : Modification by user
Save database : Modification by user
Save repository element : RDS : Modification by user
Save database : Modification by user
Save repository element : RDS : Modification by user
Save database : Modification by user
Save repository element : RDS : Modification by user
Save database : Modification by user
Save repository element : RDS : Modification by user
Save database : Modification by user
Save repository element : IDS : Modification by user
Save database : Modification by user
Save repository element : IDS : Modification by user
Save database : Modification by user
Save repository element : IDSLog : Modification by user
Save database : Modification by user
Save repository element : IDSLog : Modification by user
Save database : Modification by user
Save repository element : RDS : Modification by user
Save database : Modification by user
Save repository element : RDS : Modification by user
Save database : Modification by user
Save repository element : IDS : Modification by user
Save database : Modification by user
Save repository element : IDS : Modification by user
Save database : Modification by user
Save repository element : IDSLog : Modification by user
Save database : Modification by user
Save repository element : IDSLog : Modification by user
Save database : Modification by user
Save repository element : RDS : Modification by user
Save database : Modification by user
Save repository element : RDS : Modification by user
Save database : Modification by user
Save repository element : RDS : Modification by user
Save database : Modification by user
Save repository element : RDS : Modification by user
Save database : Modification by user
Save repository element : IDS : Modification by user
Save database : Modification by user
Save repository element : IDS : Modification by user
Save database : Modification by user
Save repository element : IDSLog : Modification by user
Save database : Modification by user
Save repository element : IDSLog : Modification by user
Save database : Modification by user
Save repository element : RDS : Modification by user
Save database : Modification by user
Save repository element : RDS : Modification by user
Save database : Modification by user
Save repository element : RDS : Modification by user
Save database : Modification by user
Save repository element : RDS : Modification by user
Save database : Modification by user
Save repository element : IDS : Modification by user
Save database : Modification by user
Save repository element : IDS : Modification by user
Save database : Modification by user
Save repository element : IDSLog : Modification by user
Save database : Modification by user
Save repository element : IDSLog : Modification by user
Save database : Modification by user
Save repository element : RDS : Modification by user
Save database : Modification by user
Save repository element : RDS : Modification by user
Save database : Modification by user
Save repository element : RDS : Modification by user
Save database : Modification by user
Save repository element : RDS : Modification by user
Save database : Modification by user
Save repository element : IDS : Modification by user
Save database : Modification by user
Save repository element : IDS : Modification by user
Save database : Modification by user
Save repository element : IDSLog : Modification by user
Save database : Modification by user
Save repository element : IDSLog : Modification by user
Save database : Modification by user
Save repository element : RDS : Modification by user
Save database : Modification by user
Save repository element : RDS : Modification by user
Save database : Modification by user
Save repository element : RDS : Modification by user
Save database : Modification by user
Save repository element : RDS : Modification by user
Save database : Modification by user
Save repository element : IDS : Modification by user
Save database : Modification by user
Save repository element : IDS : Modification by user
Save database : Modification by user
Save repository element : IDSLog : Modification by user
Save database : Modification by user
Save repository element : IDSLog : Modification by user
Save database : Modification by user
Save repository element : RDS : Modification by user
Save database : Modification by user
Save repository element : RDS : Modification by user
Save database : Modification by user
Save repository element : IDS : Modification by user
Save database : Modification by user
Save repository element : IDS : Modification by user
Save database : Modification by user
Save repository element : IDSLog : Modification by user
Save database : Modification by user
Save repository element : IDSLog : Modification by user
Save database : Modification by user
Save repository element : RDS : Modification by user
Save database : Modification by user
Save repository element : RDS : Modification by user
Save database : Modification by user
Save repository element : IDS : Modification by user
Save database : Modification by user
Save repository element : IDS : Modification by user
Save database : Modification by user
Save repository element : IDSLog : Modification by user
Save database : Modification by user
Save repository element : IDSLog : Modification by user
Save database : Modification by user
Save repository element : RDS : Modification by user
Save database : Modification by user
Save repository element : RDS : Modification by user
Save database : Modification by user
Save repository element : IDS : Modification by user
Save database : Modification by user
Save repository element : IDS : Modification by user
Save database : Modification by user
Save repository element : IDSLog : Modification by user
Save database : Modification by user
Save repository element : IDSLog : Modification by user
Save database : Modification by user
Save repository element : IDS : Modification by user
Save database : Modification by user
Save repository element : IDS : Modification by user
Save database : Modification by user
Save repository element : IDSLog : Modification by user
Save database : Modification by user
Save repository element : IDSLog : Modification by user
Save database : Modification by user
Save repository element : RDS : Modification by user
Save database : Modification by user
Save repository element : RDS : Modification by user
Save database : Modification by user
Save repository element : RDS : Modification by user
Save database : Modification by user
Save repository element : RDS : Modification by user
Save database : Modification by user
Save repository element : IDS : Modification by user
Save database : Modification by user
Save repository element : IDS : Modification by user
Save database : Modification by user
Save repository element : IDS : Modification by user
Save database : Modification by user
Save repository element : IDS : Modification by user
Save database : Modification by user
Save repository element : IDSLog : Modification by user
Save database : Modification by user
Save repository element : IDSLog : Modification by user
Save database : Modification by user
Save repository element : RDS : Modification by user
Save database : Modification by user
Save repository element : RDS : Modification by user
Save database : Modification by user
Save repository element : RDS : Modification by user
Save database : Modification by user
Save repository element : RDS : Modification by user
Save database : Modification by user
Save repository element : IDS : Modification by user
Save database : Modification by user
Save repository element : IDS : Modification by user
Save database : Modification by user
Save repository element : IDSLog : Modification by user
Save database : Modification by user
Save repository element : IDSLog : Modification by user
Save database : Modification by user
Save repository element : RDS : Modification by user
Save database : Modification by user
Save repository element : RDS : Modification by user
Save repository element : LIMs : Creation of initial version
Save database : Modification by user
Save repository element : IDS : Modification by user
Save database : Modification by user
Save repository element : IDS : Modification by user
Save database : Modification by user
Save repository element : IDSLog : Modification by user
Save database : Modification by user
Save repository element : IDSLog : Modification by user
Save database : Modification by user
Save repository element : RDS : Modification by user
Save database : Modification by user
Save repository element : RDS : Modification by user
Save database : Modification by user
Save repository element : IDS : Modification by user
Save database : Modification by user
Save repository element : IDS : Modification by user
Save database : Modification by user
Save repository element : LIMs : Modification by user
Save database : Modification by user
Save repository element : LIMs : Modification by user
Save database : Modification by user
Save repository element : LIMs : Modification by user
Save database : Modification by user
Save repository element : LIMs : Modification by user
Save database : Modification by user
Save repository element : RDS : Modification by user
Save database : Modification by user
Save repository element : RDS : Modification by user
Save database : Modification by user
Save repository element : IDS : Modification by user
Save database : Modification by user
Save repository element : IDS : Modification by user
Save database : Modification by user
Save repository element : IDSLog : Modification by user
Save database : Modification by user
Save repository element : IDSLog : Modification by user
Save database : Modification by user
Save repository element : RDS : Modification by user
Save database : Modification by user
Save repository element : RDS : Modification by user
Save database : Modification by user
Save repository element : RDS : Modification by user
Save database : Modification by user
Save repository element : RDS : Modification by user
Save database : Modification by user
Save repository element : RDS : Modification by user
Save database : Modification by user
Save repository element : RDS : Modification by user
Save database : Modification by user
Save repository element : RDS : Modification by user
Save database : Modification by user
Save repository element : RDS : Modification by user
Save database : Modification by user
Save repository element : RDS : Modification by user
Save database : Modification by user
Save repository element : RDS : Modification by user
Save database : Modification by user
Save repository element : RDS : Modification by user
Save database : Modification by user
Save repository element : RDS : Modification by user
Save database : Modification by user
Save repository element : RDS : Modification by user
Save database : Modification by user
Save repository element : RDS : Modification by user
Save database : Modification by user
Save repository element : IDS : Modification by user
Save database : Modification by user
Save repository element : IDS : Modification by user
Save database : Modification by user
Save repository element : RDS : Modification by user
Save database : Modification by user
Save repository element : RDS : Modification by user
Save database : Modification by user
Save repository element : IDS : Modification by user
Save database : Modification by user
Save repository element : IDS : Modification by user
Save database : Modification by user
Save repository element : RDS : Modification by user
Save database : Modification by user
Save repository element : RDS : Modification by user
Save database : Modification by user
Save repository element : RDS : Modification by user
Save database : Modification by user
Save repository element : RDS : Modification by user
Save database : Modification by user
Save repository element : LIMs : Modification by user
Save database : Modification by user
Save repository element : LIMs : Modification by user
Save database : Modification by user
Save repository element : IDSLog : Modification by user
Save database : Modification by user
Save repository element : IDSLog : Modification by user
Save database : Modification by user
Save repository element : IDS : Modification by user
Save database : Modification by user
Save repository element : IDS : Modification by user
Save database : Modification by user
Save repository element : RDS : Modification by user
Save database : Modification by user
Save repository element : RDS : Modification by user
Save database : Modification by user
Save repository element : RDS : Modification by user
Save database : Modification by user
Save repository element : RDS : Modification by user
Save database : Modification by user
Save repository element : RDS : Modification by user
Save database : Modification by user
Save repository element : RDS : Modification by user
Save database : Modification by user
Save repository element : IDS : Modification by user
Save database : Modification by user
Save repository element : IDS : Modification by user
Save database : Modification by user
Save repository element : IDSLog : Modification by user
Save database : Modification by user
Save repository element : IDSLog : Modification by user
Save database : Modification by user
Save repository element : IDS : Modification by user
Save database : Modification by user
Save repository element : IDS : Modification by user
Save database : Modification by user
Save repository element : IDSLog : Modification by user
Save database : Modification by user
Save repository element : IDSLog : Modification by user
Save database : Modification by user
Save repository element : LIMs : Modification by user
Save database : Modification by user
Save repository element : LIMs : Modification by user
Save database : Modification by user
Save repository element : RDS : Modification by user
Save database : Modification by user
Save repository element : RDS : Modification by user
Save database : Modification by user
Save repository element : IDS : Modification by user
Save database : Modification by user
Save repository element : IDS : Modification by user
Save database : Modification by user
Save repository element : IDSLog : Modification by user
Save database : Modification by user
Save repository element : IDSLog : Modification by user
Save database : Modification by user
Save repository element : LIMs : Modification by user
Save database : Modification by user
Save repository element : LIMs : Modification by user
Save database : Modification by user
Save repository element : RDS : Modification by user
Save database : Modification by user
Save repository element : RDS : Modification by user
Save database : Modification by user
Save repository element : IDS : Modification by user
Save database : Modification by user
Save repository element : IDS : Modification by user
Save database : Modification by user
Save repository element : IDS : Modification by user
Save database : Modification by user
Save repository element : IDS : Modification by user
Save database : Modification by user
Save repository element : IDSLog : Modification by user
Save database : Modification by user
Save repository element : IDSLog : Modification by user
Save database : Modification by user
Save repository element : LIMs : Modification by user
Save database : Modification by user
Save repository element : LIMs : Modification by user
Save database : Modification by user
Save repository element : RDS : Modification by user
Save database : Modification by user
Save repository element : RDS : Modification by user
Save database : Modification by user
Save repository element : IDS : Modification by user
Save database : Modification by user
Save repository element : IDS : Modification by user
Save database : Modification by user
Save repository element : IDSLog : Modification by user
Save database : Modification by user
Save repository element : IDSLog : Modification by user
Save database : Modification by user
Save repository element : LIMs : Modification by user
Save database : Modification by user
Save repository element : LIMs : Modification by user
Save database : Modification by user
Save repository element : RDS : Modification by user
Save database : Modification by user
Save repository element : RDS : Modification by user
Save database : Modification by user
Save repository element : IDS : Modification by user
Save database : Modification by user
Save repository element : IDS : Modification by user
Save database : Modification by user
Save repository element : IDSLog : Modification by user
Save database : Modification by user
Save repository element : IDSLog : Modification by user
Save database : Modification by user
Save repository element : LIMs : Modification by user
Save database : Modification by user
Save repository element : LIMs : Modification by user
Save database : Modification by user
Save repository element : RDS : Modification by user
Save database : Modification by user
Save repository element : RDS : Modification by user
Save database : Modification by user
Save repository element : IDS : Modification by user
Save database : Modification by user
Save repository element : IDS : Modification by user
Save database : Modification by user
Save repository element : IDSLog : Modification by user
Save database : Modification by user
Save repository element : IDSLog : Modification by user
Save database : Modification by user
Save repository element : LIMs : Modification by user
Save database : Modification by user
Save repository element : LIMs : Modification by user
Save database : Modification by user
Save repository element : RDS : Modification by user
Save database : Modification by user
Save repository element : RDS : Modification by user
Save database : Modification by user
Save repository element : IDS : Modification by user
Save database : Modification by user
Save repository element : IDS : Modification by user
Save database : Modification by user
Save repository element : IDSLog : Modification by user
Save database : Modification by user
Save repository element : IDSLog : Modification by user
Save database : Modification by user
Save repository element : LIMs : Modification by user
Save database : Modification by user
Save repository element : LIMs : Modification by user
Save database : Modification by user
Save repository element : RDS : Modification by user
Save database : Modification by user
Save repository element : RDS : Modification by user
Save database : Modification by user
Save repository element : IDS : Modification by user
Save database : Modification by user
Save repository element : IDS : Modification by user
Save database : Modification by user
Save repository element : IDSLog : Modification by user
Save database : Modification by user
Save repository element : IDSLog : Modification by user
Save database : Modification by user
Save repository element : LIMs : Modification by user
Save database : Modification by user
Save repository element : LIMs : Modification by user
Save database : Modification by user
Save repository element : RDS : Modification by user
Save database : Modification by user
Save repository element : RDS : Modification by user
Save database : Modification by user
Save repository element : IDS : Modification by user
Save database : Modification by user
Save repository element : IDS : Modification by user
Save database : Modification by user
Save repository element : IDSLog : Modification by user
Save database : Modification by user
Save repository element : IDSLog : Modification by user
Save database : Modification by user
Save repository element : LIMs : Modification by user
Save database : Modification by user
Save repository element : LIMs : Modification by user
Save database : Modification by user
Save repository element : RDS : Modification by user
Save database : Modification by user
Save repository element : RDS : Modification by user
Save database : Modification by user
Save repository element : IDS : Modification by user
Save database : Modification by user
Save repository element : IDS : Modification by user
Save database : Modification by user
Save repository element : IDSLog : Modification by user
Save database : Modification by user
Save repository element : IDSLog : Modification by user
Save database : Modification by user
Save repository element : IDSLog : Modification by user
Save database : Modification by user
Save repository element : IDSLog : Modification by user
Save database : Modification by user
Save repository element : LIMs : Modification by user
Save database : Modification by user
Save repository element : LIMs : Modification by user
Save database : Modification by user
Save repository element : RDS : Modification by user
Save database : Modification by user
Save repository element : RDS : Modification by user
Save database : Modification by user
Save repository element : IDS : Modification by user
Save database : Modification by user
Save repository element : IDS : Modification by user
Save database : Modification by user
Save repository element : IDSLog : Modification by user
Save database : Modification by user
Save repository element : IDSLog : Modification by user
Save database : Modification by user
Save repository element : LIMs : Modification by user
Save database : Modification by user
Save repository element : LIMs : Modification by user
Save database : Modification by user
Save repository element : RDS : Modification by user
Save database : Modification by user
Save repository element : RDS : Modification by user
Save database : Modification by user
Save repository element : IDS : Modification by user
Save database : Modification by user
Save repository element : IDS : Modification by user
Save database : Modification by user
Save repository element : IDSLog : Modification by user
Save database : Modification by user
Save repository element : IDSLog : Modification by user
Save database : Modification by user
Save repository element : LIMs : Modification by user
Save database : Modification by user
Save repository element : LIMs : Modification by user
Save database : Modification by user
Save repository element : RDS : Modification by user
Save database : Modification by user
Save repository element : RDS : Modification by user
Save database : Modification by user
Save repository element : IDS : Modification by user
Save database : Modification by user
Save repository element : IDS : Modification by user
Save database : Modification by user
Save repository element : IDSLog : Modification by user
Save database : Modification by user
Save repository element : IDSLog : Modification by user
Save database : Modification by user
Save repository element : LIMs : Modification by user
Save database : Modification by user
Save repository element : LIMs : Modification by user
Save database : Modification by user
Save repository element : RDS : Modification by user
Save database : Modification by user
Save repository element : RDS : Modification by user
Save database : Modification by user
Save repository element : IDS : Modification by user
Save database : Modification by user
Save repository element : IDS : Modification by user
